{"/home/bogdan/Desktop/weather-alert-notifier/frontend/src/components/AuthPage.tsx": {"path":"/home/bogdan/Desktop/weather-alert-notifier/frontend/src/components/AuthPage.tsx","statementMap":{"0":{"start":{"line":8,"column":0},"end":{"line":8,"column":24}},"1":{"start":{"line":1,"column":0},"end":{"line":1,"column":33}},"2":{"start":{"line":4,"column":0},"end":{"line":4,"column":48}},"3":{"start":{"line":5,"column":0},"end":{"line":5,"column":53}},"4":{"start":{"line":6,"column":0},"end":{"line":6,"column":26}},"5":{"start":{"line":9,"column":28},"end":{"line":9,"column":40}},"6":{"start":{"line":10,"column":34},"end":{"line":10,"column":46}},"7":{"start":{"line":11,"column":28},"end":{"line":11,"column":57}},"8":{"start":{"line":12,"column":19},"end":{"line":12,"column":32}},"9":{"start":{"line":14,"column":23},"end":{"line":46,"column":3}},"10":{"start":{"line":15,"column":4},"end":{"line":15,"column":23}},"11":{"start":{"line":17,"column":4},"end":{"line":45,"column":5}},"12":{"start":{"line":18,"column":23},"end":{"line":24,"column":8}},"13":{"start":{"line":25,"column":6},"end":{"line":25,"column":21}},"14":{"start":{"line":26,"column":6},"end":{"line":26,"column":48}},"15":{"start":{"line":27,"column":6},"end":{"line":27,"column":61}},"16":{"start":{"line":32,"column":8},"end":{"line":42,"column":41}},"17":{"start":{"line":44,"column":6},"end":{"line":44,"column":24}},"18":{"start":{"line":48,"column":2},"end":{"line":108,"column":4}},"19":{"start":{"line":71,"column":31},"end":{"line":71,"column":55}},"20":{"start":{"line":83,"column":31},"end":{"line":83,"column":58}}},"fnMap":{"0":{"name":"AuthPage","decl":{"start":{"line":8,"column":24},"end":{"line":8,"column":32}},"loc":{"start":{"line":8,"column":32},"end":{"line":109,"column":1}}},"1":{"name":"(anonymous_2)","decl":{"start":{"line":14,"column":23},"end":{"line":14,"column":28}},"loc":{"start":{"line":14,"column":63},"end":{"line":46,"column":3}}},"2":{"name":"(anonymous_3)","decl":{"start":{"line":71,"column":24},"end":{"line":71,"column":25}},"loc":{"start":{"line":71,"column":31},"end":{"line":71,"column":55}}},"3":{"name":"(anonymous_4)","decl":{"start":{"line":83,"column":24},"end":{"line":83,"column":25}},"loc":{"start":{"line":83,"column":31},"end":{"line":83,"column":58}}}},"branchMap":{"0":{"loc":{"start":{"line":32,"column":8},"end":{"line":42,"column":41}},"type":"binary-expr","locations":[{"start":{"line":32,"column":9},"end":{"line":32,"column":32}},{"start":{"line":33,"column":11},"end":{"line":33,"column":63}},{"start":{"line":35,"column":9},"end":{"line":35,"column":32}},{"start":{"line":36,"column":10},"end":{"line":36,"column":22}},{"start":{"line":38,"column":10},"end":{"line":38,"column":37}},{"start":{"line":40,"column":9},"end":{"line":40,"column":29}},{"start":{"line":40,"column":33},"end":{"line":40,"column":44}},{"start":{"line":42,"column":8},"end":{"line":42,"column":41}}]},"1":{"loc":{"start":{"line":62,"column":9},"end":{"line":62,"column":78}},"type":"binary-expr","locations":[{"start":{"line":62,"column":9},"end":{"line":62,"column":14}},{"start":{"line":62,"column":18},"end":{"line":62,"column":78}}]}},"s":{"0":1,"1":1,"2":1,"3":1,"4":1,"5":178,"6":178,"7":178,"8":178,"9":178,"10":5,"11":5,"12":5,"13":2,"14":2,"15":2,"16":3,"17":3,"18":178,"19":102,"20":64},"f":{"0":178,"1":5,"2":102,"3":64},"b":{"0":[3,0,3,3,3,1,1,0],"1":[178,39]}}
,"/home/bogdan/Desktop/weather-alert-notifier/frontend/src/components/MainPage.tsx": {"path":"/home/bogdan/Desktop/weather-alert-notifier/frontend/src/components/MainPage.tsx","statementMap":{"0":{"start":{"line":25,"column":0},"end":{"line":25,"column":24}},"1":{"start":{"line":1,"column":0},"end":{"line":1,"column":59}},"2":{"start":{"line":2,"column":0},"end":{"line":2,"column":53}},"3":{"start":{"line":3,"column":0},"end":{"line":3,"column":34}},"4":{"start":{"line":4,"column":0},"end":{"line":4,"column":56}},"5":{"start":{"line":5,"column":0},"end":{"line":5,"column":null}},"6":{"start":{"line":17,"column":0},"end":{"line":17,"column":null}},"7":{"start":{"line":23,"column":0},"end":{"line":23,"column":26}},"8":{"start":{"line":27,"column":19},"end":{"line":27,"column":32}},"9":{"start":{"line":28,"column":16},"end":{"line":28,"column":null}},"10":{"start":{"line":31,"column":15},"end":{"line":31,"column":26}},"11":{"start":{"line":34,"column":36},"end":{"line":34,"column":48}},"12":{"start":{"line":35,"column":40},"end":{"line":35,"column":66}},"13":{"start":{"line":36,"column":48},"end":{"line":36,"column":63}},"14":{"start":{"line":37,"column":50},"end":{"line":38,"column":null}},"15":{"start":{"line":40,"column":40},"end":{"line":40,"column":74}},"16":{"start":{"line":41,"column":32},"end":{"line":41,"column":59}},"17":{"start":{"line":42,"column":32},"end":{"line":42,"column":47}},"18":{"start":{"line":43,"column":28},"end":{"line":43,"column":57}},"19":{"start":{"line":44,"column":48},"end":{"line":44,"column":63}},"20":{"start":{"line":45,"column":44},"end":{"line":45,"column":59}},"21":{"start":{"line":47,"column":17},"end":{"line":47,"column":42}},"22":{"start":{"line":49,"column":25},"end":{"line":58,"column":11}},"23":{"start":{"line":51,"column":6},"end":{"line":51,"column":50}},"24":{"start":{"line":51,"column":24},"end":{"line":51,"column":50}},"25":{"start":{"line":52,"column":6},"end":{"line":56,"column":7}},"26":{"start":{"line":53,"column":8},"end":{"line":53,"column":50}},"27":{"start":{"line":55,"column":8},"end":{"line":55,"column":25}},"28":{"start":{"line":61,"column":2},"end":{"line":64,"column":13}},"29":{"start":{"line":62,"column":4},"end":{"line":62,"column":22}},"30":{"start":{"line":62,"column":15},"end":{"line":62,"column":22}},"31":{"start":{"line":63,"column":4},"end":{"line":63,"column":68}},"32":{"start":{"line":67,"column":2},"end":{"line":81,"column":20}},"33":{"start":{"line":68,"column":4},"end":{"line":68,"column":22}},"34":{"start":{"line":68,"column":15},"end":{"line":68,"column":22}},"35":{"start":{"line":69,"column":4},"end":{"line":79,"column":5}},"36":{"start":{"line":70,"column":30},"end":{"line":75,"column":8}},"37":{"start":{"line":76,"column":6},"end":{"line":76,"column":31}},"38":{"start":{"line":77,"column":6},"end":{"line":77,"column":29}},"39":{"start":{"line":78,"column":6},"end":{"line":78,"column":24}},"40":{"start":{"line":84,"column":27},"end":{"line":89,"column":3}},"41":{"start":{"line":85,"column":14},"end":{"line":85,"column":28}},"42":{"start":{"line":86,"column":4},"end":{"line":86,"column":20}},"43":{"start":{"line":87,"column":4},"end":{"line":87,"column":29}},"44":{"start":{"line":88,"column":4},"end":{"line":88,"column":22}},"45":{"start":{"line":91,"column":33},"end":{"line":95,"column":3}},"46":{"start":{"line":92,"column":4},"end":{"line":92,"column":25}},"47":{"start":{"line":93,"column":4},"end":{"line":93,"column":27}},"48":{"start":{"line":94,"column":4},"end":{"line":94,"column":30}},"49":{"start":{"line":97,"column":23},"end":{"line":130,"column":3}},"50":{"start":{"line":98,"column":16},"end":{"line":98,"column":42}},"51":{"start":{"line":99,"column":4},"end":{"line":99,"column":30}},"52":{"start":{"line":99,"column":23},"end":{"line":99,"column":30}},"53":{"start":{"line":100,"column":4},"end":{"line":100,"column":21}},"54":{"start":{"line":101,"column":4},"end":{"line":101,"column":19}},"55":{"start":{"line":103,"column":4},"end":{"line":129,"column":5}},"56":{"start":{"line":104,"column":19},"end":{"line":104,"column":56}},"57":{"start":{"line":105,"column":6},"end":{"line":105,"column":27}},"58":{"start":{"line":106,"column":6},"end":{"line":106,"column":37}},"59":{"start":{"line":107,"column":6},"end":{"line":109,"column":8}},"60":{"start":{"line":108,"column":8},"end":{"line":108,"column":66}},"61":{"start":{"line":108,"column":36},"end":{"line":108,"column":51}},"62":{"start":{"line":112,"column":6},"end":{"line":126,"column":7}},"63":{"start":{"line":114,"column":11},"end":{"line":116,"column":44}},"64":{"start":{"line":117,"column":8},"end":{"line":117,"column":22}},"65":{"start":{"line":120,"column":13},"end":{"line":126,"column":7}},"66":{"start":{"line":121,"column":8},"end":{"line":121,"column":30}},"67":{"start":{"line":125,"column":8},"end":{"line":125,"column":53}},"68":{"start":{"line":128,"column":6},"end":{"line":128,"column":24}},"69":{"start":{"line":133,"column":53},"end":{"line":145,"column":4}},"70":{"start":{"line":147,"column":18},"end":{"line":150,"column":3}},"71":{"start":{"line":148,"column":17},"end":{"line":148,"column":40}},"72":{"start":{"line":149,"column":4},"end":{"line":149,"column":66}},"73":{"start":{"line":153,"column":2},"end":{"line":159,"column":3}},"74":{"start":{"line":154,"column":4},"end":{"line":158,"column":6}},"75":{"start":{"line":161,"column":2},"end":{"line":314,"column":4}},"76":{"start":{"line":179,"column":29},"end":{"line":179,"column":53}},"77":{"start":{"line":182,"column":29},"end":{"line":182,"column":43}},"78":{"start":{"line":192,"column":16},"end":{"line":193,"column":null}},"79":{"start":{"line":195,"column":33},"end":{"line":195,"column":58}},"80":{"start":{"line":206,"column":25},"end":{"line":206,"column":54}},"81":{"start":{"line":206,"column":51},"end":{"line":206,"column":53}},"82":{"start":{"line":220,"column":16},"end":{"line":221,"column":null}},"83":{"start":{"line":230,"column":33},"end":{"line":230,"column":58}},"84":{"start":{"line":265,"column":16},"end":{"line":266,"column":null}},"85":{"start":{"line":290,"column":18},"end":{"line":291,"column":null}},"86":{"start":{"line":301,"column":33},"end":{"line":301,"column":60}},"87":{"start":{"line":301,"column":57},"end":{"line":301,"column":59}}},"fnMap":{"0":{"name":"MainPage","decl":{"start":{"line":25,"column":24},"end":{"line":25,"column":32}},"loc":{"start":{"line":25,"column":32},"end":{"line":315,"column":1}}},"1":{"name":"(anonymous_2)","decl":{"start":{"line":50,"column":13},"end":{"line":50,"column":18}},"loc":{"start":{"line":50,"column":33},"end":{"line":57,"column":5}}},"2":{"name":"(anonymous_3)","decl":{"start":{"line":61,"column":12},"end":{"line":61,"column":15}},"loc":{"start":{"line":61,"column":17},"end":{"line":64,"column":3}}},"3":{"name":"(anonymous_4)","decl":{"start":{"line":67,"column":12},"end":{"line":67,"column":15}},"loc":{"start":{"line":67,"column":17},"end":{"line":81,"column":3}}},"4":{"name":"(anonymous_5)","decl":{"start":{"line":84,"column":27},"end":{"line":84,"column":28}},"loc":{"start":{"line":84,"column":70},"end":{"line":89,"column":3}}},"5":{"name":"(anonymous_6)","decl":{"start":{"line":91,"column":33},"end":{"line":91,"column":34}},"loc":{"start":{"line":91,"column":51},"end":{"line":95,"column":3}}},"6":{"name":"(anonymous_7)","decl":{"start":{"line":97,"column":23},"end":{"line":97,"column":28}},"loc":{"start":{"line":97,"column":53},"end":{"line":130,"column":3}}},"7":{"name":"(anonymous_8)","decl":{"start":{"line":107,"column":17},"end":{"line":107,"column":18}},"loc":{"start":{"line":108,"column":8},"end":{"line":108,"column":66}}},"8":{"name":"(anonymous_9)","decl":{"start":{"line":108,"column":29},"end":{"line":108,"column":30}},"loc":{"start":{"line":108,"column":36},"end":{"line":108,"column":51}}},"9":{"name":"(anonymous_10)","decl":{"start":{"line":147,"column":18},"end":{"line":147,"column":19}},"loc":{"start":{"line":147,"column":36},"end":{"line":150,"column":3}}},"10":{"name":"(anonymous_11)","decl":{"start":{"line":179,"column":23},"end":{"line":179,"column":26}},"loc":{"start":{"line":179,"column":29},"end":{"line":179,"column":53}}},"11":{"name":"(anonymous_12)","decl":{"start":{"line":182,"column":23},"end":{"line":182,"column":26}},"loc":{"start":{"line":182,"column":29},"end":{"line":182,"column":43}}},"12":{"name":"(anonymous_13)","decl":{"start":{"line":191,"column":31},"end":{"line":191,"column":32}},"loc":{"start":{"line":192,"column":16},"end":{"line":193,"column":null}}},"13":{"name":"(anonymous_14)","decl":{"start":{"line":195,"column":27},"end":{"line":195,"column":30}},"loc":{"start":{"line":195,"column":33},"end":{"line":195,"column":58}}},"14":{"name":"(anonymous_15)","decl":{"start":{"line":206,"column":19},"end":{"line":206,"column":22}},"loc":{"start":{"line":206,"column":25},"end":{"line":206,"column":54}}},"15":{"name":"(anonymous_16)","decl":{"start":{"line":206,"column":44},"end":{"line":206,"column":45}},"loc":{"start":{"line":206,"column":51},"end":{"line":206,"column":53}}},"16":{"name":"(anonymous_17)","decl":{"start":{"line":219,"column":27},"end":{"line":219,"column":28}},"loc":{"start":{"line":220,"column":16},"end":{"line":221,"column":null}}},"17":{"name":"(anonymous_18)","decl":{"start":{"line":230,"column":27},"end":{"line":230,"column":30}},"loc":{"start":{"line":230,"column":33},"end":{"line":230,"column":58}}},"18":{"name":"(anonymous_19)","decl":{"start":{"line":264,"column":37},"end":{"line":264,"column":38}},"loc":{"start":{"line":265,"column":16},"end":{"line":266,"column":null}}},"19":{"name":"(anonymous_20)","decl":{"start":{"line":289,"column":67},"end":{"line":289,"column":68}},"loc":{"start":{"line":290,"column":18},"end":{"line":291,"column":null}}},"20":{"name":"(anonymous_21)","decl":{"start":{"line":301,"column":27},"end":{"line":301,"column":30}},"loc":{"start":{"line":301,"column":33},"end":{"line":301,"column":60}}},"21":{"name":"(anonymous_22)","decl":{"start":{"line":301,"column":50},"end":{"line":301,"column":51}},"loc":{"start":{"line":301,"column":57},"end":{"line":301,"column":59}}}},"branchMap":{"0":{"loc":{"start":{"line":47,"column":17},"end":{"line":47,"column":42}},"type":"binary-expr","locations":[{"start":{"line":47,"column":17},"end":{"line":47,"column":36}},{"start":{"line":47,"column":40},"end":{"line":47,"column":42}}]},"1":{"loc":{"start":{"line":51,"column":6},"end":{"line":51,"column":50}},"type":"if","locations":[{"start":{"line":51,"column":6},"end":{"line":51,"column":50}},{"start":{},"end":{}}]},"2":{"loc":{"start":{"line":62,"column":4},"end":{"line":62,"column":22}},"type":"if","locations":[{"start":{"line":62,"column":4},"end":{"line":62,"column":22}},{"start":{},"end":{}}]},"3":{"loc":{"start":{"line":68,"column":4},"end":{"line":68,"column":22}},"type":"if","locations":[{"start":{"line":68,"column":4},"end":{"line":68,"column":22}},{"start":{},"end":{}}]},"4":{"loc":{"start":{"line":69,"column":4},"end":{"line":79,"column":5}},"type":"if","locations":[{"start":{"line":69,"column":4},"end":{"line":79,"column":5}},{"start":{},"end":{}}]},"5":{"loc":{"start":{"line":69,"column":8},"end":{"line":69,"column":31}},"type":"binary-expr","locations":[{"start":{"line":69,"column":8},"end":{"line":69,"column":18}},{"start":{"line":69,"column":22},"end":{"line":69,"column":31}}]},"6":{"loc":{"start":{"line":71,"column":12},"end":{"line":71,"column":28}},"type":"binary-expr","locations":[{"start":{"line":71,"column":12},"end":{"line":71,"column":22}},{"start":{"line":71,"column":26},"end":{"line":71,"column":28}}]},"7":{"loc":{"start":{"line":72,"column":14},"end":{"line":72,"column":30}},"type":"binary-expr","locations":[{"start":{"line":72,"column":14},"end":{"line":72,"column":24}},{"start":{"line":72,"column":28},"end":{"line":72,"column":30}}]},"8":{"loc":{"start":{"line":98,"column":16},"end":{"line":98,"column":42}},"type":"binary-expr","locations":[{"start":{"line":98,"column":16},"end":{"line":98,"column":22}},{"start":{"line":98,"column":26},"end":{"line":98,"column":42}}]},"9":{"loc":{"start":{"line":99,"column":4},"end":{"line":99,"column":30}},"type":"if","locations":[{"start":{"line":99,"column":4},"end":{"line":99,"column":30}},{"start":{},"end":{}}]},"10":{"loc":{"start":{"line":99,"column":8},"end":{"line":99,"column":21}},"type":"binary-expr","locations":[{"start":{"line":99,"column":8},"end":{"line":99,"column":12}},{"start":{"line":99,"column":16},"end":{"line":99,"column":21}}]},"11":{"loc":{"start":{"line":112,"column":6},"end":{"line":126,"column":7}},"type":"if","locations":[{"start":{"line":112,"column":6},"end":{"line":126,"column":7}},{"start":{"line":120,"column":13},"end":{"line":126,"column":7}}]},"12":{"loc":{"start":{"line":114,"column":11},"end":{"line":116,"column":44}},"type":"binary-expr","locations":[{"start":{"line":114,"column":11},"end":{"line":114,"column":63}},{"start":{"line":115,"column":10},"end":{"line":115,"column":21}},{"start":{"line":116,"column":10},"end":{"line":116,"column":44}}]},"13":{"loc":{"start":{"line":120,"column":13},"end":{"line":126,"column":7}},"type":"if","locations":[{"start":{"line":120,"column":13},"end":{"line":126,"column":7}},{"start":{"line":124,"column":13},"end":{"line":126,"column":7}}]},"14":{"loc":{"start":{"line":148,"column":17},"end":{"line":148,"column":40}},"type":"binary-expr","locations":[{"start":{"line":148,"column":17},"end":{"line":148,"column":31}},{"start":{"line":148,"column":35},"end":{"line":148,"column":40}}]},"15":{"loc":{"start":{"line":153,"column":2},"end":{"line":159,"column":3}},"type":"if","locations":[{"start":{"line":153,"column":2},"end":{"line":159,"column":3}},{"start":{},"end":{}}]},"16":{"loc":{"start":{"line":189,"column":11},"end":{"line":200,"column":null}},"type":"binary-expr","locations":[{"start":{"line":189,"column":11},"end":{"line":189,"column":26}},{"start":{"line":189,"column":30},"end":{"line":189,"column":52}},{"start":{"line":190,"column":12},"end":{"line":199,"column":null}}]},"17":{"loc":{"start":{"line":211,"column":9},"end":{"line":236,"column":null}},"type":"binary-expr","locations":[{"start":{"line":211,"column":9},"end":{"line":211,"column":24}},{"start":{"line":212,"column":10},"end":{"line":235,"column":null}}]},"18":{"loc":{"start":{"line":240,"column":7},"end":{"line":240,"column":78}},"type":"binary-expr","locations":[{"start":{"line":240,"column":7},"end":{"line":240,"column":14}},{"start":{"line":240,"column":18},"end":{"line":240,"column":78}}]},"19":{"loc":{"start":{"line":241,"column":7},"end":{"line":241,"column":75}},"type":"binary-expr","locations":[{"start":{"line":241,"column":7},"end":{"line":241,"column":12}},{"start":{"line":241,"column":16},"end":{"line":241,"column":75}}]},"20":{"loc":{"start":{"line":243,"column":7},"end":{"line":311,"column":null}},"type":"binary-expr","locations":[{"start":{"line":243,"column":7},"end":{"line":243,"column":18}},{"start":{"line":244,"column":8},"end":{"line":310,"column":null}}]},"21":{"loc":{"start":{"line":283,"column":11},"end":{"line":309,"column":null}},"type":"binary-expr","locations":[{"start":{"line":283,"column":11},"end":{"line":283,"column":28}},{"start":{"line":284,"column":12},"end":{"line":308,"column":null}}]},"22":{"loc":{"start":{"line":289,"column":18},"end":{"line":289,"column":61}},"type":"cond-expr","locations":[{"start":{"line":289,"column":34},"end":{"line":289,"column":40}},{"start":{"line":289,"column":43},"end":{"line":289,"column":61}}]},"23":{"loc":{"start":{"line":299,"column":15},"end":{"line":307,"column":null}},"type":"binary-expr","locations":[{"start":{"line":299,"column":15},"end":{"line":299,"column":32}},{"start":{"line":300,"column":16},"end":{"line":306,"column":null}}]},"24":{"loc":{"start":{"line":304,"column":19},"end":{"line":306,"column":58}},"type":"cond-expr","locations":[{"start":{"line":305,"column":22},"end":{"line":305,"column":41}},{"start":{"line":306,"column":22},"end":{"line":306,"column":58}}]}},"s":{"0":1,"1":1,"2":1,"3":1,"4":1,"5":1,"6":1,"7":1,"8":29,"9":29,"10":29,"11":29,"12":29,"13":29,"14":29,"15":29,"16":29,"17":29,"18":29,"19":29,"20":29,"21":29,"22":29,"23":3,"24":0,"25":3,"26":3,"27":0,"28":29,"29":4,"30":0,"31":4,"32":29,"33":4,"34":0,"35":4,"36":0,"37":0,"38":0,"39":0,"40":29,"41":6,"42":6,"43":6,"44":6,"45":29,"46":3,"47":3,"48":3,"49":29,"50":2,"51":2,"52":0,"53":2,"54":2,"55":2,"56":2,"57":2,"58":2,"59":2,"60":2,"61":0,"62":0,"63":0,"64":0,"65":0,"66":0,"67":0,"68":2,"69":29,"70":29,"71":28,"72":28,"73":29,"74":0,"75":29,"76":3,"77":2,"78":3,"79":3,"80":0,"81":0,"82":0,"83":0,"84":28,"85":14,"86":2,"87":2},"f":{"0":29,"1":3,"2":4,"3":4,"4":6,"5":3,"6":2,"7":2,"8":0,"9":28,"10":3,"11":2,"12":3,"13":3,"14":0,"15":0,"16":0,"17":0,"18":28,"19":14,"20":2,"21":2},"b":{"0":[29,25],"1":[0,3],"2":[0,4],"3":[0,4],"4":[0,4],"5":[4,0],"6":[0,0],"7":[0,0],"8":[2,2],"9":[0,2],"10":[2,2],"11":[0,0],"12":[0,0,0],"13":[0,0],"14":[28,0],"15":[0,29],"16":[29,12,3],"17":[29,0],"18":[29,2],"19":[29,0],"20":[29,4],"21":[4,4],"22":[1,3],"23":[4,4],"24":[1,3]}}
,"/home/bogdan/Desktop/weather-alert-notifier/frontend/src/components/SignUpPage.tsx": {"path":"/home/bogdan/Desktop/weather-alert-notifier/frontend/src/components/SignUpPage.tsx","statementMap":{"0":{"start":{"line":8,"column":0},"end":{"line":8,"column":24}},"1":{"start":{"line":1,"column":0},"end":{"line":1,"column":33}},"2":{"start":{"line":4,"column":0},"end":{"line":4,"column":48}},"3":{"start":{"line":5,"column":0},"end":{"line":5,"column":53}},"4":{"start":{"line":6,"column":0},"end":{"line":6,"column":26}},"5":{"start":{"line":9,"column":26},"end":{"line":9,"column":38}},"6":{"start":{"line":10,"column":28},"end":{"line":10,"column":40}},"7":{"start":{"line":11,"column":34},"end":{"line":11,"column":46}},"8":{"start":{"line":12,"column":32},"end":{"line":12,"column":44}},"9":{"start":{"line":13,"column":28},"end":{"line":13,"column":57}},"10":{"start":{"line":14,"column":19},"end":{"line":14,"column":32}},"11":{"start":{"line":16,"column":23},"end":{"line":54,"column":3}},"12":{"start":{"line":17,"column":4},"end":{"line":17,"column":23}},"13":{"start":{"line":19,"column":4},"end":{"line":22,"column":5}},"14":{"start":{"line":20,"column":6},"end":{"line":20,"column":41}},"15":{"start":{"line":21,"column":6},"end":{"line":21,"column":13}},"16":{"start":{"line":24,"column":4},"end":{"line":53,"column":5}},"17":{"start":{"line":25,"column":23},"end":{"line":32,"column":8}},"18":{"start":{"line":33,"column":6},"end":{"line":33,"column":21}},"19":{"start":{"line":34,"column":6},"end":{"line":34,"column":48}},"20":{"start":{"line":35,"column":6},"end":{"line":35,"column":61}},"21":{"start":{"line":40,"column":8},"end":{"line":50,"column":48}},"22":{"start":{"line":52,"column":6},"end":{"line":52,"column":24}},"23":{"start":{"line":56,"column":2},"end":{"line":140,"column":4}},"24":{"start":{"line":79,"column":31},"end":{"line":79,"column":54}},"25":{"start":{"line":91,"column":31},"end":{"line":91,"column":55}},"26":{"start":{"line":103,"column":31},"end":{"line":103,"column":58}},"27":{"start":{"line":115,"column":31},"end":{"line":115,"column":57}}},"fnMap":{"0":{"name":"SignUpPage","decl":{"start":{"line":8,"column":24},"end":{"line":8,"column":34}},"loc":{"start":{"line":8,"column":34},"end":{"line":141,"column":1}}},"1":{"name":"(anonymous_2)","decl":{"start":{"line":16,"column":23},"end":{"line":16,"column":28}},"loc":{"start":{"line":16,"column":63},"end":{"line":54,"column":3}}},"2":{"name":"(anonymous_3)","decl":{"start":{"line":79,"column":24},"end":{"line":79,"column":25}},"loc":{"start":{"line":79,"column":31},"end":{"line":79,"column":54}}},"3":{"name":"(anonymous_4)","decl":{"start":{"line":91,"column":24},"end":{"line":91,"column":25}},"loc":{"start":{"line":91,"column":31},"end":{"line":91,"column":55}}},"4":{"name":"(anonymous_5)","decl":{"start":{"line":103,"column":24},"end":{"line":103,"column":25}},"loc":{"start":{"line":103,"column":31},"end":{"line":103,"column":58}}},"5":{"name":"(anonymous_6)","decl":{"start":{"line":115,"column":24},"end":{"line":115,"column":25}},"loc":{"start":{"line":115,"column":31},"end":{"line":115,"column":57}}}},"branchMap":{"0":{"loc":{"start":{"line":19,"column":4},"end":{"line":22,"column":5}},"type":"if","locations":[{"start":{"line":19,"column":4},"end":{"line":22,"column":5}},{"start":{},"end":{}}]},"1":{"loc":{"start":{"line":40,"column":8},"end":{"line":50,"column":48}},"type":"binary-expr","locations":[{"start":{"line":40,"column":9},"end":{"line":40,"column":32}},{"start":{"line":41,"column":11},"end":{"line":41,"column":63}},{"start":{"line":43,"column":9},"end":{"line":43,"column":32}},{"start":{"line":44,"column":10},"end":{"line":44,"column":22}},{"start":{"line":46,"column":10},"end":{"line":46,"column":37}},{"start":{"line":48,"column":9},"end":{"line":48,"column":29}},{"start":{"line":48,"column":33},"end":{"line":48,"column":44}},{"start":{"line":50,"column":8},"end":{"line":50,"column":48}}]},"2":{"loc":{"start":{"line":70,"column":9},"end":{"line":70,"column":78}},"type":"binary-expr","locations":[{"start":{"line":70,"column":9},"end":{"line":70,"column":14}},{"start":{"line":70,"column":18},"end":{"line":70,"column":78}}]}},"s":{"0":1,"1":1,"2":1,"3":1,"4":1,"5":334,"6":334,"7":334,"8":334,"9":334,"10":334,"11":334,"12":6,"13":6,"14":2,"15":2,"16":4,"17":4,"18":2,"19":2,"20":2,"21":2,"22":2,"23":334,"24":48,"25":112,"26":66,"27":90},"f":{"0":334,"1":6,"2":48,"3":112,"4":66,"5":90},"b":{"0":[2,4],"1":[2,0,2,2,2,1,1,0],"2":[334,16]}}
}
