{"/home/bogdan/Desktop/weather-alert-notifier/frontend/src/components/AuthPage.tsx": {"path":"/home/bogdan/Desktop/weather-alert-notifier/frontend/src/components/AuthPage.tsx","statementMap":{"0":{"start":{"line":8,"column":0},"end":{"line":8,"column":24}},"1":{"start":{"line":1,"column":0},"end":{"line":1,"column":33}},"2":{"start":{"line":4,"column":0},"end":{"line":4,"column":48}},"3":{"start":{"line":5,"column":0},"end":{"line":5,"column":53}},"4":{"start":{"line":6,"column":0},"end":{"line":6,"column":26}},"5":{"start":{"line":9,"column":28},"end":{"line":9,"column":40}},"6":{"start":{"line":10,"column":34},"end":{"line":10,"column":46}},"7":{"start":{"line":11,"column":28},"end":{"line":11,"column":57}},"8":{"start":{"line":12,"column":19},"end":{"line":12,"column":32}},"9":{"start":{"line":14,"column":23},"end":{"line":42,"column":3}},"10":{"start":{"line":15,"column":4},"end":{"line":15,"column":23}},"11":{"start":{"line":17,"column":4},"end":{"line":41,"column":5}},"12":{"start":{"line":18,"column":23},"end":{"line":24,"column":8}},"13":{"start":{"line":25,"column":6},"end":{"line":25,"column":21}},"14":{"start":{"line":26,"column":6},"end":{"line":26,"column":48}},"15":{"start":{"line":27,"column":6},"end":{"line":27,"column":61}},"16":{"start":{"line":30,"column":8},"end":{"line":38,"column":41}},"17":{"start":{"line":40,"column":6},"end":{"line":40,"column":24}},"18":{"start":{"line":44,"column":2},"end":{"line":104,"column":4}},"19":{"start":{"line":67,"column":31},"end":{"line":67,"column":55}},"20":{"start":{"line":79,"column":31},"end":{"line":79,"column":58}}},"fnMap":{"0":{"name":"AuthPage","decl":{"start":{"line":8,"column":24},"end":{"line":8,"column":32}},"loc":{"start":{"line":8,"column":32},"end":{"line":105,"column":1}}},"1":{"name":"(anonymous_2)","decl":{"start":{"line":14,"column":23},"end":{"line":14,"column":28}},"loc":{"start":{"line":14,"column":63},"end":{"line":42,"column":3}}},"2":{"name":"(anonymous_3)","decl":{"start":{"line":67,"column":24},"end":{"line":67,"column":25}},"loc":{"start":{"line":67,"column":31},"end":{"line":67,"column":55}}},"3":{"name":"(anonymous_4)","decl":{"start":{"line":79,"column":24},"end":{"line":79,"column":25}},"loc":{"start":{"line":79,"column":31},"end":{"line":79,"column":58}}}},"branchMap":{"0":{"loc":{"start":{"line":30,"column":8},"end":{"line":38,"column":41}},"type":"binary-expr","locations":[{"start":{"line":30,"column":9},"end":{"line":30,"column":32}},{"start":{"line":31,"column":11},"end":{"line":31,"column":63}},{"start":{"line":32,"column":9},"end":{"line":32,"column":32}},{"start":{"line":33,"column":10},"end":{"line":33,"column":22}},{"start":{"line":35,"column":10},"end":{"line":35,"column":37}},{"start":{"line":36,"column":9},"end":{"line":36,"column":29}},{"start":{"line":36,"column":33},"end":{"line":36,"column":44}},{"start":{"line":38,"column":8},"end":{"line":38,"column":41}}]},"1":{"loc":{"start":{"line":58,"column":9},"end":{"line":58,"column":78}},"type":"binary-expr","locations":[{"start":{"line":58,"column":9},"end":{"line":58,"column":14}},{"start":{"line":58,"column":18},"end":{"line":58,"column":78}}]}},"s":{"0":1,"1":1,"2":1,"3":1,"4":1,"5":178,"6":178,"7":178,"8":178,"9":178,"10":5,"11":5,"12":5,"13":2,"14":2,"15":2,"16":3,"17":3,"18":178,"19":102,"20":64},"f":{"0":178,"1":5,"2":102,"3":64},"b":{"0":[3,0,3,3,3,1,1,0],"1":[178,39]}}
,"/home/bogdan/Desktop/weather-alert-notifier/frontend/src/components/MainPage.tsx": {"path":"/home/bogdan/Desktop/weather-alert-notifier/frontend/src/components/MainPage.tsx","statementMap":{"0":{"start":{"line":26,"column":0},"end":{"line":26,"column":24}},"1":{"start":{"line":1,"column":0},"end":{"line":1,"column":72}},"2":{"start":{"line":2,"column":0},"end":{"line":2,"column":57}},"3":{"start":{"line":3,"column":0},"end":{"line":3,"column":34}},"4":{"start":{"line":4,"column":0},"end":{"line":4,"column":56}},"5":{"start":{"line":5,"column":0},"end":{"line":5,"column":null}},"6":{"start":{"line":17,"column":0},"end":{"line":17,"column":null}},"7":{"start":{"line":24,"column":0},"end":{"line":24,"column":26}},"8":{"start":{"line":27,"column":19},"end":{"line":27,"column":32}},"9":{"start":{"line":28,"column":16},"end":{"line":28,"column":null}},"10":{"start":{"line":31,"column":15},"end":{"line":31,"column":26}},"11":{"start":{"line":33,"column":36},"end":{"line":33,"column":48}},"12":{"start":{"line":34,"column":40},"end":{"line":34,"column":66}},"13":{"start":{"line":35,"column":48},"end":{"line":35,"column":63}},"14":{"start":{"line":36,"column":50},"end":{"line":37,"column":null}},"15":{"start":{"line":39,"column":40},"end":{"line":39,"column":74}},"16":{"start":{"line":40,"column":32},"end":{"line":40,"column":47}},"17":{"start":{"line":41,"column":28},"end":{"line":41,"column":57}},"18":{"start":{"line":42,"column":48},"end":{"line":42,"column":63}},"19":{"start":{"line":43,"column":44},"end":{"line":43,"column":59}},"20":{"start":{"line":44,"column":28},"end":{"line":44,"column":54}},"21":{"start":{"line":46,"column":17},"end":{"line":46,"column":42}},"22":{"start":{"line":48,"column":25},"end":{"line":57,"column":11}},"23":{"start":{"line":50,"column":6},"end":{"line":50,"column":50}},"24":{"start":{"line":50,"column":24},"end":{"line":50,"column":50}},"25":{"start":{"line":51,"column":6},"end":{"line":55,"column":7}},"26":{"start":{"line":52,"column":8},"end":{"line":52,"column":50}},"27":{"start":{"line":54,"column":8},"end":{"line":54,"column":25}},"28":{"start":{"line":59,"column":23},"end":{"line":88,"column":null}},"29":{"start":{"line":61,"column":18},"end":{"line":61,"column":44}},"30":{"start":{"line":62,"column":6},"end":{"line":62,"column":32}},"31":{"start":{"line":62,"column":25},"end":{"line":62,"column":32}},"32":{"start":{"line":63,"column":6},"end":{"line":63,"column":31}},"33":{"start":{"line":64,"column":6},"end":{"line":64,"column":29}},"34":{"start":{"line":65,"column":6},"end":{"line":65,"column":23}},"35":{"start":{"line":66,"column":6},"end":{"line":66,"column":21}},"36":{"start":{"line":68,"column":6},"end":{"line":86,"column":7}},"37":{"start":{"line":69,"column":21},"end":{"line":69,"column":58}},"38":{"start":{"line":70,"column":8},"end":{"line":70,"column":29}},"39":{"start":{"line":71,"column":8},"end":{"line":71,"column":25}},"40":{"start":{"line":73,"column":8},"end":{"line":83,"column":9}},"41":{"start":{"line":75,"column":13},"end":{"line":77,"column":46}},"42":{"start":{"line":78,"column":10},"end":{"line":78,"column":24}},"43":{"start":{"line":79,"column":15},"end":{"line":83,"column":9}},"44":{"start":{"line":80,"column":10},"end":{"line":80,"column":32}},"45":{"start":{"line":82,"column":10},"end":{"line":82,"column":55}},"46":{"start":{"line":85,"column":8},"end":{"line":85,"column":26}},"47":{"start":{"line":91,"column":2},"end":{"line":99,"column":17}},"48":{"start":{"line":92,"column":4},"end":{"line":98,"column":5}},"49":{"start":{"line":93,"column":6},"end":{"line":97,"column":11}},"50":{"start":{"line":96,"column":10},"end":{"line":96,"column":23}},"51":{"start":{"line":101,"column":2},"end":{"line":113,"column":34}},"52":{"start":{"line":102,"column":4},"end":{"line":112,"column":5}},"53":{"start":{"line":103,"column":30},"end":{"line":108,"column":8}},"54":{"start":{"line":109,"column":6},"end":{"line":109,"column":31}},"55":{"start":{"line":110,"column":6},"end":{"line":110,"column":29}},"56":{"start":{"line":111,"column":6},"end":{"line":111,"column":24}},"57":{"start":{"line":115,"column":27},"end":{"line":120,"column":3}},"58":{"start":{"line":116,"column":14},"end":{"line":116,"column":28}},"59":{"start":{"line":117,"column":4},"end":{"line":117,"column":20}},"60":{"start":{"line":118,"column":4},"end":{"line":118,"column":29}},"61":{"start":{"line":119,"column":4},"end":{"line":119,"column":22}},"62":{"start":{"line":122,"column":33},"end":{"line":126,"column":3}},"63":{"start":{"line":123,"column":4},"end":{"line":123,"column":25}},"64":{"start":{"line":124,"column":4},"end":{"line":124,"column":27}},"65":{"start":{"line":125,"column":4},"end":{"line":125,"column":30}},"66":{"start":{"line":128,"column":53},"end":{"line":140,"column":4}},"67":{"start":{"line":142,"column":18},"end":{"line":145,"column":3}},"68":{"start":{"line":143,"column":17},"end":{"line":143,"column":40}},"69":{"start":{"line":144,"column":4},"end":{"line":144,"column":66}},"70":{"start":{"line":147,"column":2},"end":{"line":149,"column":3}},"71":{"start":{"line":148,"column":4},"end":{"line":148,"column":44}},"72":{"start":{"line":152,"column":4},"end":{"line":152,"column":76}},"73":{"start":{"line":152,"column":46},"end":{"line":152,"column":75}},"74":{"start":{"line":154,"column":2},"end":{"line":353,"column":4}},"75":{"start":{"line":172,"column":29},"end":{"line":172,"column":53}},"76":{"start":{"line":175,"column":29},"end":{"line":175,"column":43}},"77":{"start":{"line":183,"column":18},"end":{"line":186,"column":19}},"78":{"start":{"line":184,"column":20},"end":{"line":184,"column":79}},"79":{"start":{"line":185,"column":20},"end":{"line":185,"column":27}},"80":{"start":{"line":187,"column":18},"end":{"line":187,"column":48}},"81":{"start":{"line":187,"column":41},"end":{"line":187,"column":48}},"82":{"start":{"line":188,"column":18},"end":{"line":196,"column":19}},"83":{"start":{"line":189,"column":36},"end":{"line":191,"column":null}},"84":{"start":{"line":193,"column":20},"end":{"line":193,"column":38}},"85":{"start":{"line":195,"column":20},"end":{"line":195,"column":65}},"86":{"start":{"line":208,"column":16},"end":{"line":209,"column":null}},"87":{"start":{"line":211,"column":33},"end":{"line":211,"column":58}},"88":{"start":{"line":222,"column":25},"end":{"line":222,"column":54}},"89":{"start":{"line":222,"column":51},"end":{"line":222,"column":53}},"90":{"start":{"line":238,"column":16},"end":{"line":238,"column":33}},"91":{"start":{"line":241,"column":22},"end":{"line":241,"column":40}},"92":{"start":{"line":242,"column":22},"end":{"line":242,"column":48}},"93":{"start":{"line":250,"column":22},"end":{"line":258,"column":23}},"94":{"start":{"line":251,"column":40},"end":{"line":253,"column":null}},"95":{"start":{"line":255,"column":24},"end":{"line":255,"column":42}},"96":{"start":{"line":257,"column":24},"end":{"line":257,"column":60}},"97":{"start":{"line":304,"column":16},"end":{"line":305,"column":null}},"98":{"start":{"line":329,"column":18},"end":{"line":330,"column":null}},"99":{"start":{"line":340,"column":33},"end":{"line":340,"column":60}},"100":{"start":{"line":340,"column":57},"end":{"line":340,"column":59}}},"fnMap":{"0":{"name":"MainPage","decl":{"start":{"line":26,"column":24},"end":{"line":26,"column":32}},"loc":{"start":{"line":26,"column":32},"end":{"line":354,"column":1}}},"1":{"name":"(anonymous_2)","decl":{"start":{"line":49,"column":13},"end":{"line":49,"column":18}},"loc":{"start":{"line":49,"column":33},"end":{"line":56,"column":5}}},"2":{"name":"(anonymous_3)","decl":{"start":{"line":60,"column":4},"end":{"line":60,"column":9}},"loc":{"start":{"line":60,"column":34},"end":{"line":87,"column":5}}},"3":{"name":"(anonymous_4)","decl":{"start":{"line":91,"column":12},"end":{"line":91,"column":15}},"loc":{"start":{"line":91,"column":17},"end":{"line":99,"column":3}}},"4":{"name":"(anonymous_5)","decl":{"start":{"line":95,"column":15},"end":{"line":95,"column":18}},"loc":{"start":{"line":95,"column":20},"end":{"line":97,"column":9}}},"5":{"name":"(anonymous_6)","decl":{"start":{"line":101,"column":12},"end":{"line":101,"column":15}},"loc":{"start":{"line":101,"column":17},"end":{"line":113,"column":3}}},"6":{"name":"(anonymous_7)","decl":{"start":{"line":115,"column":27},"end":{"line":115,"column":28}},"loc":{"start":{"line":115,"column":70},"end":{"line":120,"column":3}}},"7":{"name":"(anonymous_8)","decl":{"start":{"line":122,"column":33},"end":{"line":122,"column":34}},"loc":{"start":{"line":122,"column":51},"end":{"line":126,"column":3}}},"8":{"name":"(anonymous_9)","decl":{"start":{"line":142,"column":18},"end":{"line":142,"column":19}},"loc":{"start":{"line":142,"column":36},"end":{"line":145,"column":3}}},"9":{"name":"(anonymous_10)","decl":{"start":{"line":152,"column":39},"end":{"line":152,"column":40}},"loc":{"start":{"line":152,"column":46},"end":{"line":152,"column":75}}},"10":{"name":"(anonymous_11)","decl":{"start":{"line":172,"column":23},"end":{"line":172,"column":26}},"loc":{"start":{"line":172,"column":29},"end":{"line":172,"column":53}}},"11":{"name":"(anonymous_12)","decl":{"start":{"line":175,"column":23},"end":{"line":175,"column":26}},"loc":{"start":{"line":175,"column":29},"end":{"line":175,"column":43}}},"12":{"name":"(anonymous_13)","decl":{"start":{"line":182,"column":25},"end":{"line":182,"column":30}},"loc":{"start":{"line":182,"column":36},"end":{"line":197,"column":17}}},"13":{"name":"(anonymous_14)","decl":{"start":{"line":207,"column":31},"end":{"line":207,"column":32}},"loc":{"start":{"line":208,"column":16},"end":{"line":209,"column":null}}},"14":{"name":"(anonymous_15)","decl":{"start":{"line":211,"column":27},"end":{"line":211,"column":30}},"loc":{"start":{"line":211,"column":33},"end":{"line":211,"column":58}}},"15":{"name":"(anonymous_16)","decl":{"start":{"line":222,"column":19},"end":{"line":222,"column":22}},"loc":{"start":{"line":222,"column":25},"end":{"line":222,"column":54}}},"16":{"name":"(anonymous_17)","decl":{"start":{"line":222,"column":44},"end":{"line":222,"column":45}},"loc":{"start":{"line":222,"column":51},"end":{"line":222,"column":53}}},"17":{"name":"(anonymous_18)","decl":{"start":{"line":237,"column":25},"end":{"line":237,"column":26}},"loc":{"start":{"line":238,"column":16},"end":{"line":238,"column":33}}},"18":{"name":"(anonymous_19)","decl":{"start":{"line":240,"column":29},"end":{"line":240,"column":32}},"loc":{"start":{"line":240,"column":34},"end":{"line":243,"column":21}}},"19":{"name":"(anonymous_20)","decl":{"start":{"line":249,"column":29},"end":{"line":249,"column":34}},"loc":{"start":{"line":249,"column":40},"end":{"line":259,"column":21}}},"20":{"name":"(anonymous_21)","decl":{"start":{"line":303,"column":37},"end":{"line":303,"column":38}},"loc":{"start":{"line":304,"column":16},"end":{"line":305,"column":null}}},"21":{"name":"(anonymous_22)","decl":{"start":{"line":328,"column":67},"end":{"line":328,"column":68}},"loc":{"start":{"line":329,"column":18},"end":{"line":330,"column":null}}},"22":{"name":"(anonymous_23)","decl":{"start":{"line":340,"column":27},"end":{"line":340,"column":30}},"loc":{"start":{"line":340,"column":33},"end":{"line":340,"column":60}}},"23":{"name":"(anonymous_24)","decl":{"start":{"line":340,"column":50},"end":{"line":340,"column":51}},"loc":{"start":{"line":340,"column":57},"end":{"line":340,"column":59}}}},"branchMap":{"0":{"loc":{"start":{"line":46,"column":17},"end":{"line":46,"column":42}},"type":"binary-expr","locations":[{"start":{"line":46,"column":17},"end":{"line":46,"column":36}},{"start":{"line":46,"column":40},"end":{"line":46,"column":42}}]},"1":{"loc":{"start":{"line":50,"column":6},"end":{"line":50,"column":50}},"type":"if","locations":[{"start":{"line":50,"column":6},"end":{"line":50,"column":50}},{"start":{},"end":{}}]},"2":{"loc":{"start":{"line":61,"column":18},"end":{"line":61,"column":44}},"type":"binary-expr","locations":[{"start":{"line":61,"column":18},"end":{"line":61,"column":24}},{"start":{"line":61,"column":28},"end":{"line":61,"column":44}}]},"3":{"loc":{"start":{"line":62,"column":6},"end":{"line":62,"column":32}},"type":"if","locations":[{"start":{"line":62,"column":6},"end":{"line":62,"column":32}},{"start":{},"end":{}}]},"4":{"loc":{"start":{"line":62,"column":10},"end":{"line":62,"column":23}},"type":"binary-expr","locations":[{"start":{"line":62,"column":10},"end":{"line":62,"column":14}},{"start":{"line":62,"column":18},"end":{"line":62,"column":23}}]},"5":{"loc":{"start":{"line":73,"column":8},"end":{"line":83,"column":9}},"type":"if","locations":[{"start":{"line":73,"column":8},"end":{"line":83,"column":9}},{"start":{"line":79,"column":15},"end":{"line":83,"column":9}}]},"6":{"loc":{"start":{"line":75,"column":13},"end":{"line":77,"column":46}},"type":"binary-expr","locations":[{"start":{"line":75,"column":13},"end":{"line":75,"column":65}},{"start":{"line":76,"column":12},"end":{"line":76,"column":23}},{"start":{"line":77,"column":12},"end":{"line":77,"column":46}}]},"7":{"loc":{"start":{"line":79,"column":15},"end":{"line":83,"column":9}},"type":"if","locations":[{"start":{"line":79,"column":15},"end":{"line":83,"column":9}},{"start":{"line":81,"column":15},"end":{"line":83,"column":9}}]},"8":{"loc":{"start":{"line":92,"column":4},"end":{"line":98,"column":5}},"type":"if","locations":[{"start":{"line":92,"column":4},"end":{"line":98,"column":5}},{"start":{},"end":{}}]},"9":{"loc":{"start":{"line":102,"column":4},"end":{"line":112,"column":5}},"type":"if","locations":[{"start":{"line":102,"column":4},"end":{"line":112,"column":5}},{"start":{},"end":{}}]},"10":{"loc":{"start":{"line":102,"column":8},"end":{"line":102,"column":53}},"type":"binary-expr","locations":[{"start":{"line":102,"column":8},"end":{"line":102,"column":12}},{"start":{"line":102,"column":16},"end":{"line":102,"column":26}},{"start":{"line":102,"column":30},"end":{"line":102,"column":39}},{"start":{"line":102,"column":43},"end":{"line":102,"column":53}}]},"11":{"loc":{"start":{"line":143,"column":17},"end":{"line":143,"column":40}},"type":"binary-expr","locations":[{"start":{"line":143,"column":17},"end":{"line":143,"column":31}},{"start":{"line":143,"column":35},"end":{"line":143,"column":40}}]},"12":{"loc":{"start":{"line":147,"column":2},"end":{"line":149,"column":3}},"type":"if","locations":[{"start":{"line":147,"column":2},"end":{"line":149,"column":3}},{"start":{},"end":{}}]},"13":{"loc":{"start":{"line":152,"column":4},"end":{"line":152,"column":76}},"type":"binary-expr","locations":[{"start":{"line":152,"column":4},"end":{"line":152,"column":24}},{"start":{"line":152,"column":28},"end":{"line":152,"column":76}}]},"14":{"loc":{"start":{"line":180,"column":13},"end":{"line":201,"column":null}},"type":"binary-expr","locations":[{"start":{"line":180,"column":13},"end":{"line":180,"column":29}},{"start":{"line":180,"column":33},"end":{"line":180,"column":41}},{"start":{"line":181,"column":14},"end":{"line":198,"column":null}}]},"15":{"loc":{"start":{"line":183,"column":18},"end":{"line":186,"column":19}},"type":"if","locations":[{"start":{"line":183,"column":18},"end":{"line":186,"column":19}},{"start":{},"end":{}}]},"16":{"loc":{"start":{"line":187,"column":18},"end":{"line":187,"column":48}},"type":"if","locations":[{"start":{"line":187,"column":18},"end":{"line":187,"column":48}},{"start":{},"end":{}}]},"17":{"loc":{"start":{"line":205,"column":11},"end":{"line":216,"column":null}},"type":"binary-expr","locations":[{"start":{"line":205,"column":11},"end":{"line":205,"column":26}},{"start":{"line":205,"column":30},"end":{"line":205,"column":52}},{"start":{"line":206,"column":12},"end":{"line":215,"column":null}}]},"18":{"loc":{"start":{"line":227,"column":9},"end":{"line":270,"column":null}},"type":"binary-expr","locations":[{"start":{"line":227,"column":9},"end":{"line":227,"column":24}},{"start":{"line":228,"column":10},"end":{"line":269,"column":null}}]},"19":{"loc":{"start":{"line":266,"column":15},"end":{"line":267,"column":null}},"type":"binary-expr","locations":[{"start":{"line":266,"column":15},"end":{"line":266,"column":33}},{"start":{"line":267,"column":16},"end":{"line":267,"column":77}}]},"20":{"loc":{"start":{"line":274,"column":7},"end":{"line":274,"column":78}},"type":"binary-expr","locations":[{"start":{"line":274,"column":7},"end":{"line":274,"column":14}},{"start":{"line":274,"column":18},"end":{"line":274,"column":78}}]},"21":{"loc":{"start":{"line":275,"column":7},"end":{"line":275,"column":75}},"type":"binary-expr","locations":[{"start":{"line":275,"column":7},"end":{"line":275,"column":12}},{"start":{"line":275,"column":16},"end":{"line":275,"column":75}}]},"22":{"loc":{"start":{"line":277,"column":7},"end":{"line":350,"column":null}},"type":"binary-expr","locations":[{"start":{"line":277,"column":7},"end":{"line":277,"column":18}},{"start":{"line":278,"column":8},"end":{"line":349,"column":null}}]},"23":{"loc":{"start":{"line":279,"column":11},"end":{"line":282,"column":null}},"type":"binary-expr","locations":[{"start":{"line":279,"column":11},"end":{"line":279,"column":27}},{"start":{"line":280,"column":12},"end":{"line":281,"column":null}}]},"24":{"loc":{"start":{"line":322,"column":11},"end":{"line":348,"column":null}},"type":"binary-expr","locations":[{"start":{"line":322,"column":11},"end":{"line":322,"column":28}},{"start":{"line":323,"column":12},"end":{"line":347,"column":null}}]},"25":{"loc":{"start":{"line":328,"column":18},"end":{"line":328,"column":61}},"type":"cond-expr","locations":[{"start":{"line":328,"column":34},"end":{"line":328,"column":40}},{"start":{"line":328,"column":43},"end":{"line":328,"column":61}}]},"26":{"loc":{"start":{"line":338,"column":15},"end":{"line":346,"column":null}},"type":"binary-expr","locations":[{"start":{"line":338,"column":15},"end":{"line":338,"column":32}},{"start":{"line":339,"column":16},"end":{"line":345,"column":null}}]},"27":{"loc":{"start":{"line":343,"column":19},"end":{"line":345,"column":54}},"type":"cond-expr","locations":[{"start":{"line":344,"column":22},"end":{"line":344,"column":41}},{"start":{"line":345,"column":22},"end":{"line":345,"column":54}}]}},"s":{"0":1,"1":1,"2":1,"3":1,"4":1,"5":1,"6":1,"7":1,"8":29,"9":29,"10":29,"11":29,"12":29,"13":29,"14":29,"15":29,"16":29,"17":29,"18":29,"19":29,"20":29,"21":29,"22":29,"23":3,"24":0,"25":3,"26":3,"27":0,"28":29,"29":2,"30":2,"31":0,"32":2,"33":2,"34":2,"35":2,"36":2,"37":2,"38":2,"39":2,"40":0,"41":0,"42":0,"43":0,"44":0,"45":0,"46":2,"47":29,"48":4,"49":4,"50":0,"51":29,"52":7,"53":0,"54":0,"55":0,"56":0,"57":29,"58":6,"59":6,"60":6,"61":6,"62":29,"63":3,"64":3,"65":3,"66":29,"67":29,"68":28,"69":28,"70":29,"71":0,"72":29,"73":0,"74":29,"75":3,"76":2,"77":0,"78":0,"79":0,"80":0,"81":0,"82":0,"83":0,"84":0,"85":0,"86":3,"87":3,"88":0,"89":0,"90":0,"91":0,"92":0,"93":0,"94":0,"95":0,"96":0,"97":28,"98":14,"99":2,"100":2},"f":{"0":29,"1":3,"2":2,"3":4,"4":0,"5":7,"6":6,"7":3,"8":28,"9":0,"10":3,"11":2,"12":0,"13":3,"14":3,"15":0,"16":0,"17":0,"18":0,"19":0,"20":28,"21":14,"22":2,"23":2},"b":{"0":[29,25],"1":[0,3],"2":[2,2],"3":[0,2],"4":[2,2],"5":[0,0],"6":[0,0,0],"7":[0,0],"8":[4,0],"9":[0,7],"10":[7,7,0,0],"11":[28,0],"12":[0,29],"13":[29,29],"14":[29,9,9],"15":[0,0],"16":[0,0],"17":[29,12,3],"18":[29,0],"19":[0,0],"20":[29,2],"21":[29,0],"22":[29,4],"23":[4,4],"24":[4,4],"25":[1,3],"26":[4,4],"27":[1,3]}}
,"/home/bogdan/Desktop/weather-alert-notifier/frontend/src/components/SignUpPage.tsx": {"path":"/home/bogdan/Desktop/weather-alert-notifier/frontend/src/components/SignUpPage.tsx","statementMap":{"0":{"start":{"line":8,"column":0},"end":{"line":8,"column":24}},"1":{"start":{"line":1,"column":0},"end":{"line":1,"column":33}},"2":{"start":{"line":4,"column":0},"end":{"line":4,"column":48}},"3":{"start":{"line":5,"column":0},"end":{"line":5,"column":53}},"4":{"start":{"line":6,"column":0},"end":{"line":6,"column":26}},"5":{"start":{"line":9,"column":26},"end":{"line":9,"column":38}},"6":{"start":{"line":10,"column":28},"end":{"line":10,"column":40}},"7":{"start":{"line":11,"column":34},"end":{"line":11,"column":46}},"8":{"start":{"line":12,"column":32},"end":{"line":12,"column":44}},"9":{"start":{"line":13,"column":28},"end":{"line":13,"column":57}},"10":{"start":{"line":14,"column":19},"end":{"line":14,"column":32}},"11":{"start":{"line":16,"column":23},"end":{"line":50,"column":3}},"12":{"start":{"line":17,"column":4},"end":{"line":17,"column":23}},"13":{"start":{"line":19,"column":4},"end":{"line":22,"column":5}},"14":{"start":{"line":20,"column":6},"end":{"line":20,"column":41}},"15":{"start":{"line":21,"column":6},"end":{"line":21,"column":13}},"16":{"start":{"line":24,"column":4},"end":{"line":49,"column":5}},"17":{"start":{"line":25,"column":23},"end":{"line":32,"column":8}},"18":{"start":{"line":33,"column":6},"end":{"line":33,"column":21}},"19":{"start":{"line":34,"column":6},"end":{"line":34,"column":48}},"20":{"start":{"line":35,"column":6},"end":{"line":35,"column":61}},"21":{"start":{"line":38,"column":8},"end":{"line":46,"column":48}},"22":{"start":{"line":48,"column":6},"end":{"line":48,"column":24}},"23":{"start":{"line":52,"column":2},"end":{"line":136,"column":4}},"24":{"start":{"line":75,"column":31},"end":{"line":75,"column":54}},"25":{"start":{"line":87,"column":31},"end":{"line":87,"column":55}},"26":{"start":{"line":99,"column":31},"end":{"line":99,"column":58}},"27":{"start":{"line":111,"column":31},"end":{"line":111,"column":57}}},"fnMap":{"0":{"name":"SignUpPage","decl":{"start":{"line":8,"column":24},"end":{"line":8,"column":34}},"loc":{"start":{"line":8,"column":34},"end":{"line":137,"column":1}}},"1":{"name":"(anonymous_2)","decl":{"start":{"line":16,"column":23},"end":{"line":16,"column":28}},"loc":{"start":{"line":16,"column":63},"end":{"line":50,"column":3}}},"2":{"name":"(anonymous_3)","decl":{"start":{"line":75,"column":24},"end":{"line":75,"column":25}},"loc":{"start":{"line":75,"column":31},"end":{"line":75,"column":54}}},"3":{"name":"(anonymous_4)","decl":{"start":{"line":87,"column":24},"end":{"line":87,"column":25}},"loc":{"start":{"line":87,"column":31},"end":{"line":87,"column":55}}},"4":{"name":"(anonymous_5)","decl":{"start":{"line":99,"column":24},"end":{"line":99,"column":25}},"loc":{"start":{"line":99,"column":31},"end":{"line":99,"column":58}}},"5":{"name":"(anonymous_6)","decl":{"start":{"line":111,"column":24},"end":{"line":111,"column":25}},"loc":{"start":{"line":111,"column":31},"end":{"line":111,"column":57}}}},"branchMap":{"0":{"loc":{"start":{"line":19,"column":4},"end":{"line":22,"column":5}},"type":"if","locations":[{"start":{"line":19,"column":4},"end":{"line":22,"column":5}},{"start":{},"end":{}}]},"1":{"loc":{"start":{"line":38,"column":8},"end":{"line":46,"column":48}},"type":"binary-expr","locations":[{"start":{"line":38,"column":9},"end":{"line":38,"column":32}},{"start":{"line":39,"column":11},"end":{"line":39,"column":63}},{"start":{"line":40,"column":9},"end":{"line":40,"column":32}},{"start":{"line":41,"column":10},"end":{"line":41,"column":22}},{"start":{"line":43,"column":10},"end":{"line":43,"column":37}},{"start":{"line":44,"column":9},"end":{"line":44,"column":29}},{"start":{"line":44,"column":33},"end":{"line":44,"column":44}},{"start":{"line":46,"column":8},"end":{"line":46,"column":48}}]},"2":{"loc":{"start":{"line":66,"column":9},"end":{"line":66,"column":78}},"type":"binary-expr","locations":[{"start":{"line":66,"column":9},"end":{"line":66,"column":14}},{"start":{"line":66,"column":18},"end":{"line":66,"column":78}}]}},"s":{"0":1,"1":1,"2":1,"3":1,"4":1,"5":334,"6":334,"7":334,"8":334,"9":334,"10":334,"11":334,"12":6,"13":6,"14":2,"15":2,"16":4,"17":4,"18":2,"19":2,"20":2,"21":2,"22":2,"23":334,"24":48,"25":112,"26":66,"27":90},"f":{"0":334,"1":6,"2":48,"3":112,"4":66,"5":90},"b":{"0":[2,4],"1":[2,0,2,2,2,1,1,0],"2":[334,16]}}
}
