TN:
SF:src/components/AuthPage.tsx
FN:8,AuthPage
FN:14,(anonymous_2)
FN:67,(anonymous_3)
FN:79,(anonymous_4)
FNF:4
FNH:4
FNDA:178,AuthPage
FNDA:5,(anonymous_2)
FNDA:102,(anonymous_3)
FNDA:64,(anonymous_4)
DA:1,1
DA:4,1
DA:5,1
DA:6,1
DA:8,1
DA:9,178
DA:10,178
DA:11,178
DA:12,178
DA:14,178
DA:15,5
DA:17,5
DA:18,5
DA:25,2
DA:26,2
DA:27,2
DA:30,3
DA:40,3
DA:44,178
DA:67,102
DA:79,64
LF:21
LH:21
BRDA:30,0,0,3
BRDA:30,0,1,0
BRDA:30,0,2,3
BRDA:30,0,3,3
BRDA:30,0,4,3
BRDA:30,0,5,1
BRDA:30,0,6,1
BRDA:30,0,7,0
BRDA:58,1,0,178
BRDA:58,1,1,39
BRF:10
BRH:8
end_of_record
TN:
SF:src/components/MainPage.tsx
FN:26,MainPage
FN:49,(anonymous_2)
FN:60,(anonymous_3)
FN:91,(anonymous_4)
FN:95,(anonymous_5)
FN:101,(anonymous_6)
FN:115,(anonymous_7)
FN:122,(anonymous_8)
FN:142,(anonymous_9)
FN:152,(anonymous_10)
FN:172,(anonymous_11)
FN:175,(anonymous_12)
FN:182,(anonymous_13)
FN:207,(anonymous_14)
FN:211,(anonymous_15)
FN:222,(anonymous_16)
FN:222,(anonymous_17)
FN:237,(anonymous_18)
FN:240,(anonymous_19)
FN:249,(anonymous_20)
FN:303,(anonymous_21)
FN:328,(anonymous_22)
FN:340,(anonymous_23)
FN:340,(anonymous_24)
FNF:24
FNH:16
FNDA:29,MainPage
FNDA:3,(anonymous_2)
FNDA:2,(anonymous_3)
FNDA:4,(anonymous_4)
FNDA:0,(anonymous_5)
FNDA:7,(anonymous_6)
FNDA:6,(anonymous_7)
FNDA:3,(anonymous_8)
FNDA:28,(anonymous_9)
FNDA:0,(anonymous_10)
FNDA:3,(anonymous_11)
FNDA:2,(anonymous_12)
FNDA:0,(anonymous_13)
FNDA:3,(anonymous_14)
FNDA:3,(anonymous_15)
FNDA:0,(anonymous_16)
FNDA:0,(anonymous_17)
FNDA:0,(anonymous_18)
FNDA:0,(anonymous_19)
FNDA:0,(anonymous_20)
FNDA:28,(anonymous_21)
FNDA:14,(anonymous_22)
FNDA:2,(anonymous_23)
FNDA:2,(anonymous_24)
DA:1,1
DA:2,1
DA:3,1
DA:4,1
DA:5,1
DA:17,1
DA:24,1
DA:26,1
DA:27,29
DA:28,29
DA:31,29
DA:33,29
DA:34,29
DA:35,29
DA:36,29
DA:39,29
DA:40,29
DA:41,29
DA:42,29
DA:43,29
DA:44,29
DA:46,29
DA:48,29
DA:50,3
DA:51,3
DA:52,3
DA:54,0
DA:59,29
DA:61,2
DA:62,2
DA:63,2
DA:64,2
DA:65,2
DA:66,2
DA:68,2
DA:69,2
DA:70,2
DA:71,2
DA:73,0
DA:75,0
DA:78,0
DA:79,0
DA:80,0
DA:82,0
DA:85,2
DA:91,29
DA:92,4
DA:93,4
DA:96,0
DA:101,29
DA:102,7
DA:103,0
DA:109,0
DA:110,0
DA:111,0
DA:115,29
DA:116,6
DA:117,6
DA:118,6
DA:119,6
DA:122,29
DA:123,3
DA:124,3
DA:125,3
DA:128,29
DA:142,29
DA:143,28
DA:144,28
DA:147,29
DA:148,0
DA:152,29
DA:154,29
DA:172,3
DA:175,2
DA:183,0
DA:184,0
DA:185,0
DA:187,0
DA:188,0
DA:189,0
DA:193,0
DA:195,0
DA:208,3
DA:211,3
DA:222,0
DA:238,0
DA:241,0
DA:242,0
DA:250,0
DA:251,0
DA:255,0
DA:257,0
DA:304,28
DA:329,14
DA:340,2
LF:95
LH:66
BRDA:46,0,0,29
BRDA:46,0,1,25
BRDA:50,1,0,0
BRDA:50,1,1,3
BRDA:61,2,0,2
BRDA:61,2,1,2
BRDA:62,3,0,0
BRDA:62,3,1,2
BRDA:62,4,0,2
BRDA:62,4,1,2
BRDA:73,5,0,0
BRDA:73,5,1,0
BRDA:75,6,0,0
BRDA:75,6,1,0
BRDA:75,6,2,0
BRDA:79,7,0,0
BRDA:79,7,1,0
BRDA:92,8,0,4
BRDA:92,8,1,0
BRDA:102,9,0,0
BRDA:102,9,1,7
BRDA:102,10,0,7
BRDA:102,10,1,7
BRDA:102,10,2,0
BRDA:102,10,3,0
BRDA:143,11,0,28
BRDA:143,11,1,0
BRDA:147,12,0,0
BRDA:147,12,1,29
BRDA:152,13,0,29
BRDA:152,13,1,29
BRDA:180,14,0,29
BRDA:180,14,1,9
BRDA:180,14,2,9
BRDA:183,15,0,0
BRDA:183,15,1,0
BRDA:187,16,0,0
BRDA:187,16,1,0
BRDA:205,17,0,29
BRDA:205,17,1,12
BRDA:205,17,2,3
BRDA:227,18,0,29
BRDA:227,18,1,0
BRDA:266,19,0,0
BRDA:266,19,1,0
BRDA:274,20,0,29
BRDA:274,20,1,2
BRDA:275,21,0,29
BRDA:275,21,1,0
BRDA:277,22,0,29
BRDA:277,22,1,4
BRDA:279,23,0,4
BRDA:279,23,1,4
BRDA:322,24,0,4
BRDA:322,24,1,4
BRDA:328,25,0,1
BRDA:328,25,1,3
BRDA:338,26,0,4
BRDA:338,26,1,4
BRDA:343,27,0,1
BRDA:343,27,1,3
BRF:61
BRH:38
end_of_record
TN:
SF:src/components/SignUpPage.tsx
FN:8,SignUpPage
FN:16,(anonymous_2)
FN:75,(anonymous_3)
FN:87,(anonymous_4)
FN:99,(anonymous_5)
FN:111,(anonymous_6)
FNF:6
FNH:6
FNDA:334,SignUpPage
FNDA:6,(anonymous_2)
FNDA:48,(anonymous_3)
FNDA:112,(anonymous_4)
FNDA:66,(anonymous_5)
FNDA:90,(anonymous_6)
DA:1,1
DA:4,1
DA:5,1
DA:6,1
DA:8,1
DA:9,334
DA:10,334
DA:11,334
DA:12,334
DA:13,334
DA:14,334
DA:16,334
DA:17,6
DA:19,6
DA:20,2
DA:21,2
DA:24,4
DA:25,4
DA:33,2
DA:34,2
DA:35,2
DA:38,2
DA:48,2
DA:52,334
DA:75,48
DA:87,112
DA:99,66
DA:111,90
LF:28
LH:28
BRDA:19,0,0,2
BRDA:19,0,1,4
BRDA:38,1,0,2
BRDA:38,1,1,0
BRDA:38,1,2,2
BRDA:38,1,3,2
BRDA:38,1,4,2
BRDA:38,1,5,1
BRDA:38,1,6,1
BRDA:38,1,7,0
BRDA:66,2,0,334
BRDA:66,2,1,16
BRF:12
BRH:10
end_of_record
