TN:
SF:src/components/AuthPage.tsx
FN:8,AuthPage
FN:14,(anonymous_2)
FN:71,(anonymous_3)
FN:83,(anonymous_4)
FNF:4
FNH:4
FNDA:178,AuthPage
FNDA:5,(anonymous_2)
FNDA:102,(anonymous_3)
FNDA:64,(anonymous_4)
DA:1,1
DA:4,1
DA:5,1
DA:6,1
DA:8,1
DA:9,178
DA:10,178
DA:11,178
DA:12,178
DA:14,178
DA:15,5
DA:17,5
DA:18,5
DA:25,2
DA:26,2
DA:27,2
DA:32,3
DA:44,3
DA:48,178
DA:71,102
DA:83,64
LF:21
LH:21
BRDA:32,0,0,3
BRDA:32,0,1,0
BRDA:32,0,2,3
BRDA:32,0,3,3
BRDA:32,0,4,3
BRDA:32,0,5,1
BRDA:32,0,6,1
BRDA:32,0,7,0
BRDA:62,1,0,178
BRDA:62,1,1,39
BRF:10
BRH:8
end_of_record
TN:
SF:src/components/MainPage.tsx
FN:25,MainPage
FN:50,(anonymous_2)
FN:61,(anonymous_3)
FN:67,(anonymous_4)
FN:84,(anonymous_5)
FN:91,(anonymous_6)
FN:97,(anonymous_7)
FN:107,(anonymous_8)
FN:108,(anonymous_9)
FN:147,(anonymous_10)
FN:179,(anonymous_11)
FN:182,(anonymous_12)
FN:191,(anonymous_13)
FN:195,(anonymous_14)
FN:206,(anonymous_15)
FN:206,(anonymous_16)
FN:219,(anonymous_17)
FN:230,(anonymous_18)
FN:264,(anonymous_19)
FN:289,(anonymous_20)
FN:301,(anonymous_21)
FN:301,(anonymous_22)
FNF:22
FNH:17
FNDA:29,MainPage
FNDA:3,(anonymous_2)
FNDA:4,(anonymous_3)
FNDA:4,(anonymous_4)
FNDA:6,(anonymous_5)
FNDA:3,(anonymous_6)
FNDA:2,(anonymous_7)
FNDA:2,(anonymous_8)
FNDA:0,(anonymous_9)
FNDA:28,(anonymous_10)
FNDA:3,(anonymous_11)
FNDA:2,(anonymous_12)
FNDA:3,(anonymous_13)
FNDA:3,(anonymous_14)
FNDA:0,(anonymous_15)
FNDA:0,(anonymous_16)
FNDA:0,(anonymous_17)
FNDA:0,(anonymous_18)
FNDA:28,(anonymous_19)
FNDA:14,(anonymous_20)
FNDA:2,(anonymous_21)
FNDA:2,(anonymous_22)
DA:1,1
DA:2,1
DA:3,1
DA:4,1
DA:5,1
DA:17,1
DA:23,1
DA:25,1
DA:27,29
DA:28,29
DA:31,29
DA:34,29
DA:35,29
DA:36,29
DA:37,29
DA:40,29
DA:41,29
DA:42,29
DA:43,29
DA:44,29
DA:45,29
DA:47,29
DA:49,29
DA:51,3
DA:52,3
DA:53,3
DA:55,0
DA:61,29
DA:62,4
DA:63,4
DA:67,29
DA:68,4
DA:69,4
DA:70,0
DA:76,0
DA:77,0
DA:78,0
DA:84,29
DA:85,6
DA:86,6
DA:87,6
DA:88,6
DA:91,29
DA:92,3
DA:93,3
DA:94,3
DA:97,29
DA:98,2
DA:99,2
DA:100,2
DA:101,2
DA:103,2
DA:104,2
DA:105,2
DA:106,2
DA:107,2
DA:108,2
DA:112,0
DA:114,0
DA:117,0
DA:120,0
DA:121,0
DA:125,0
DA:128,2
DA:133,29
DA:147,29
DA:148,28
DA:149,28
DA:153,29
DA:154,0
DA:161,29
DA:179,3
DA:182,2
DA:192,3
DA:195,3
DA:206,0
DA:220,0
DA:230,0
DA:265,28
DA:290,14
DA:301,2
LF:81
LH:66
BRDA:47,0,0,29
BRDA:47,0,1,25
BRDA:51,1,0,0
BRDA:51,1,1,3
BRDA:62,2,0,0
BRDA:62,2,1,4
BRDA:68,3,0,0
BRDA:68,3,1,4
BRDA:69,4,0,0
BRDA:69,4,1,4
BRDA:69,5,0,4
BRDA:69,5,1,0
BRDA:71,6,0,0
BRDA:71,6,1,0
BRDA:72,7,0,0
BRDA:72,7,1,0
BRDA:98,8,0,2
BRDA:98,8,1,2
BRDA:99,9,0,0
BRDA:99,9,1,2
BRDA:99,10,0,2
BRDA:99,10,1,2
BRDA:112,11,0,0
BRDA:112,11,1,0
BRDA:114,12,0,0
BRDA:114,12,1,0
BRDA:114,12,2,0
BRDA:120,13,0,0
BRDA:120,13,1,0
BRDA:148,14,0,28
BRDA:148,14,1,0
BRDA:153,15,0,0
BRDA:153,15,1,29
BRDA:189,16,0,29
BRDA:189,16,1,12
BRDA:189,16,2,3
BRDA:211,17,0,29
BRDA:211,17,1,0
BRDA:240,18,0,29
BRDA:240,18,1,2
BRDA:241,19,0,29
BRDA:241,19,1,0
BRDA:243,20,0,29
BRDA:243,20,1,4
BRDA:283,21,0,4
BRDA:283,21,1,4
BRDA:289,22,0,1
BRDA:289,22,1,3
BRDA:299,23,0,4
BRDA:299,23,1,4
BRDA:304,24,0,1
BRDA:304,24,1,3
BRF:52
BRH:31
end_of_record
TN:
SF:src/components/SignUpPage.tsx
FN:8,SignUpPage
FN:16,(anonymous_2)
FN:79,(anonymous_3)
FN:91,(anonymous_4)
FN:103,(anonymous_5)
FN:115,(anonymous_6)
FNF:6
FNH:6
FNDA:334,SignUpPage
FNDA:6,(anonymous_2)
FNDA:48,(anonymous_3)
FNDA:112,(anonymous_4)
FNDA:66,(anonymous_5)
FNDA:90,(anonymous_6)
DA:1,1
DA:4,1
DA:5,1
DA:6,1
DA:8,1
DA:9,334
DA:10,334
DA:11,334
DA:12,334
DA:13,334
DA:14,334
DA:16,334
DA:17,6
DA:19,6
DA:20,2
DA:21,2
DA:24,4
DA:25,4
DA:33,2
DA:34,2
DA:35,2
DA:40,2
DA:52,2
DA:56,334
DA:79,48
DA:91,112
DA:103,66
DA:115,90
LF:28
LH:28
BRDA:19,0,0,2
BRDA:19,0,1,4
BRDA:40,1,0,2
BRDA:40,1,1,0
BRDA:40,1,2,2
BRDA:40,1,3,2
BRDA:40,1,4,2
BRDA:40,1,5,1
BRDA:40,1,6,1
BRDA:40,1,7,0
BRDA:70,2,0,334
BRDA:70,2,1,16
BRF:12
BRH:10
end_of_record
