{"/home/bogdan/Desktop/weather-alert-notifier/backend/src/controllers/authController.ts": {"path":"/home/bogdan/Desktop/weather-alert-notifier/backend/src/controllers/authController.ts","statementMap":{"0":{"start":{"line":9,"column":0},"end":{"line":9,"column":22}},"1":{"start":{"line":39,"column":0},"end":{"line":39,"column":22}},"2":{"start":{"line":2,"column":0},"end":{"line":2,"column":31}},"3":{"start":{"line":3,"column":0},"end":{"line":3,"column":38}},"4":{"start":{"line":5,"column":19},"end":{"line":5,"column":42}},"5":{"start":{"line":6,"column":23},"end":{"line":6,"column":27}},"6":{"start":{"line":14,"column":2},"end":{"line":35,"column":3}},"7":{"start":{"line":15,"column":38},"end":{"line":15,"column":46}},"8":{"start":{"line":16,"column":21},"end":{"line":16,"column":50}},"9":{"start":{"line":17,"column":4},"end":{"line":20,"column":5}},"10":{"start":{"line":18,"column":6},"end":{"line":18,"column":64}},"11":{"start":{"line":19,"column":6},"end":{"line":19,"column":13}},"12":{"start":{"line":22,"column":17},"end":{"line":22,"column":52}},"13":{"start":{"line":23,"column":4},"end":{"line":23,"column":22}},"14":{"start":{"line":25,"column":18},"end":{"line":27,"column":6}},"15":{"start":{"line":29,"column":4},"end":{"line":32,"column":7}},"16":{"start":{"line":34,"column":4},"end":{"line":34,"column":66}},"17":{"start":{"line":44,"column":2},"end":{"line":64,"column":3}},"18":{"start":{"line":45,"column":32},"end":{"line":45,"column":40}},"19":{"start":{"line":46,"column":17},"end":{"line":46,"column":46}},"20":{"start":{"line":47,"column":4},"end":{"line":50,"column":5}},"21":{"start":{"line":48,"column":6},"end":{"line":48,"column":63}},"22":{"start":{"line":49,"column":6},"end":{"line":49,"column":13}},"23":{"start":{"line":51,"column":18},"end":{"line":53,"column":6}},"24":{"start":{"line":54,"column":4},"end":{"line":57,"column":7}},"25":{"start":{"line":59,"column":4},"end":{"line":59,"column":41}},"26":{"start":{"line":60,"column":4},"end":{"line":63,"column":7}}},"fnMap":{"0":{"name":"register","decl":{"start":{"line":9,"column":22},"end":{"line":9,"column":30}},"loc":{"start":{"line":12,"column":21},"end":{"line":36,"column":null}}},"1":{"name":"login","decl":{"start":{"line":39,"column":22},"end":{"line":39,"column":27}},"loc":{"start":{"line":42,"column":21},"end":{"line":65,"column":null}}}},"branchMap":{"0":{"loc":{"start":{"line":17,"column":4},"end":{"line":20,"column":5}},"type":"if","locations":[{"start":{"line":17,"column":4},"end":{"line":20,"column":5}},{"start":{},"end":{}}]},"1":{"loc":{"start":{"line":47,"column":4},"end":{"line":50,"column":5}},"type":"if","locations":[{"start":{"line":47,"column":4},"end":{"line":50,"column":5}},{"start":{},"end":{}}]},"2":{"loc":{"start":{"line":47,"column":8},"end":{"line":47,"column":56}},"type":"binary-expr","locations":[{"start":{"line":47,"column":8},"end":{"line":47,"column":13}},{"start":{"line":47,"column":17},"end":{"line":47,"column":56}}]},"3":{"loc":{"start":{"line":62,"column":13},"end":{"line":62,"column":61}},"type":"cond-expr","locations":[{"start":{"line":62,"column":36},"end":{"line":62,"column":47}},{"start":{"line":62,"column":50},"end":{"line":62,"column":61}}]}},"s":{"0":1,"1":1,"2":1,"3":1,"4":1,"5":1,"6":2,"7":2,"8":2,"9":2,"10":1,"11":1,"12":1,"13":1,"14":1,"15":1,"16":0,"17":2,"18":2,"19":2,"20":2,"21":1,"22":1,"23":1,"24":1,"25":0,"26":0},"f":{"0":2,"1":2},"b":{"0":[1,1],"1":[1,1],"2":[2,2],"3":[0,0]}}
,"/home/bogdan/Desktop/weather-alert-notifier/backend/src/models/User.ts": {"path":"/home/bogdan/Desktop/weather-alert-notifier/backend/src/models/User.ts","statementMap":{"0":{"start":{"line":1,"column":0},"end":{"line":1,"column":54}},"1":{"start":{"line":2,"column":0},"end":{"line":2,"column":30}},"2":{"start":{"line":11,"column":19},"end":{"line":23,"column":null}},"3":{"start":{"line":27,"column":0},"end":{"line":32,"column":3}},"4":{"start":{"line":28,"column":2},"end":{"line":28,"column":50}},"5":{"start":{"line":28,"column":36},"end":{"line":28,"column":50}},"6":{"start":{"line":29,"column":15},"end":{"line":29,"column":39}},"7":{"start":{"line":30,"column":2},"end":{"line":30,"column":57}},"8":{"start":{"line":31,"column":2},"end":{"line":31,"column":9}},"9":{"start":{"line":35,"column":0},"end":{"line":37,"column":2}},"10":{"start":{"line":36,"column":2},"end":{"line":36,"column":50}},"11":{"start":{"line":39,"column":13},"end":{"line":39,"column":62}}},"fnMap":{"0":{"name":"(anonymous_17)","decl":{"start":{"line":27,"column":30},"end":{"line":27,"column":46}},"loc":{"start":{"line":27,"column":50},"end":{"line":32,"column":2}}},"1":{"name":"(anonymous_19)","decl":{"start":{"line":35,"column":37},"end":{"line":35,"column":47}},"loc":{"start":{"line":35,"column":64},"end":{"line":37,"column":1}}}},"branchMap":{"0":{"loc":{"start":{"line":28,"column":2},"end":{"line":28,"column":50}},"type":"if","locations":[{"start":{"line":28,"column":2},"end":{"line":28,"column":50}},{"start":{},"end":{}}]}},"s":{"0":1,"1":1,"2":1,"3":1,"4":4,"5":0,"6":4,"7":4,"8":4,"9":1,"10":2,"11":1},"f":{"0":4,"1":2},"b":{"0":[0,4]}}
,"/home/bogdan/Desktop/weather-alert-notifier/backend/src/routes/auth.ts": {"path":"/home/bogdan/Desktop/weather-alert-notifier/backend/src/routes/auth.ts","statementMap":{"0":{"start":{"line":1,"column":0},"end":{"line":1,"column":33}},"1":{"start":{"line":2,"column":0},"end":{"line":2,"column":64}},"2":{"start":{"line":4,"column":15},"end":{"line":4,"column":23}},"3":{"start":{"line":6,"column":0},"end":{"line":6,"column":35}},"4":{"start":{"line":7,"column":0},"end":{"line":7,"column":29}},"5":{"start":{"line":9,"column":0},"end":{"line":9,"column":22}}},"fnMap":{},"branchMap":{},"s":{"0":1,"1":1,"2":1,"3":1,"4":1,"5":1},"f":{},"b":{}}
}
