TN:
SF:src/controllers/authController.ts
FN:9,register
FN:39,login
FNF:2
FNH:2
FNDA:2,register
FNDA:2,login
DA:2,3
DA:3,3
DA:5,3
DA:6,3
DA:9,3
DA:14,2
DA:15,2
DA:16,2
DA:17,2
DA:18,1
DA:19,1
DA:22,1
DA:23,1
DA:25,1
DA:29,1
DA:34,0
DA:39,3
DA:44,2
DA:45,2
DA:46,2
DA:47,2
DA:48,1
DA:49,1
DA:51,1
DA:54,1
DA:59,0
DA:60,0
LF:27
LH:24
BRDA:17,0,0,1
BRDA:17,0,1,1
BRDA:47,1,0,1
BRDA:47,1,1,1
BRDA:47,2,0,2
BRDA:47,2,1,2
BRDA:62,3,0,0
BRDA:62,3,1,0
BRF:8
BRH:6
end_of_record
TN:
SF:src/controllers/forecastController.ts
FN:4,forecastHandler
FNF:1
FNH:1
FNDA:2,forecastHandler
DA:2,3
DA:4,3
DA:9,2
DA:10,2
DA:12,2
DA:13,1
DA:14,1
DA:17,1
DA:18,1
DA:19,1
DA:21,0
LF:11
LH:10
BRDA:12,0,0,1
BRDA:12,0,1,1
BRDA:12,1,0,2
BRDA:12,1,1,1
BRF:4
BRH:4
end_of_record
TN:
SF:src/controllers/geocodeController.ts
FN:4,geocodeHandler
FN:16,(anonymous_1)
FNF:2
FNH:2
FNDA:3,geocodeHandler
FNDA:1,(anonymous_1)
DA:2,3
DA:4,3
DA:9,3
DA:10,3
DA:11,2
DA:12,2
DA:15,1
DA:16,1
LF:8
LH:8
BRDA:9,0,0,2
BRDA:9,0,1,1
BRDA:9,1,0,3
BRDA:9,1,1,3
BRDA:10,2,0,2
BRDA:10,2,1,1
BRF:6
BRH:6
end_of_record
TN:
SF:src/controllers/savedLocationsController.ts
FN:8,(anonymous_7)
FN:12,(anonymous_8)
FN:33,(anonymous_9)
FN:33,(anonymous_10)
FN:51,(anonymous_11)
FN:71,(anonymous_12)
FN:71,(anonymous_13)
FN:81,(anonymous_14)
FNF:8
FNH:8
FNDA:3,(anonymous_7)
FNDA:3,(anonymous_8)
FNDA:11,(anonymous_9)
FNDA:11,(anonymous_10)
FNDA:12,(anonymous_11)
FNDA:1,(anonymous_12)
FNDA:1,(anonymous_13)
FNDA:2,(anonymous_14)
DA:3,3
DA:8,3
DA:12,3
DA:13,3
DA:14,3
DA:15,3
DA:16,0
DA:17,0
DA:20,3
DA:22,0
DA:29,3
DA:33,11
DA:34,11
DA:35,11
DA:36,11
DA:38,11
DA:39,11
DA:40,0
DA:41,0
DA:45,11
DA:46,1
DA:47,1
DA:51,12
DA:52,1
DA:53,1
DA:56,9
DA:57,9
DA:59,9
DA:61,0
DA:68,3
DA:71,3
DA:72,1
DA:73,1
DA:75,1
DA:76,1
DA:77,0
DA:78,0
DA:81,2
DA:82,1
DA:84,1
DA:86,0
LF:41
LH:32
BRDA:15,0,0,0
BRDA:15,0,1,3
BRDA:39,1,0,0
BRDA:39,1,1,11
BRDA:45,2,0,1
BRDA:45,2,1,10
BRDA:51,3,0,1
BRDA:51,3,1,9
BRDA:76,4,0,0
BRDA:76,4,1,1
BRF:10
BRH:7
end_of_record
TN:
SF:src/models/User.ts
FN:50,(anonymous_17)
FN:58,(anonymous_19)
FNF:2
FNH:2
FNDA:19,(anonymous_17)
FNDA:2,(anonymous_19)
DA:1,3
DA:2,3
DA:20,3
DA:30,3
DA:50,3
DA:51,19
DA:52,9
DA:53,9
DA:54,9
DA:58,3
DA:59,2
DA:62,3
LF:12
LH:12
BRDA:51,0,0,10
BRDA:51,0,1,9
BRF:2
BRH:2
end_of_record
TN:
SF:src/routes/api.ts
FNF:0
FNH:0
DA:1,3
DA:2,3
DA:3,3
DA:5,3
DA:7,3
DA:8,3
DA:10,3
LF:7
LH:7
BRF:0
BRH:0
end_of_record
TN:
SF:src/routes/auth.ts
FNF:0
FNH:0
DA:1,3
DA:2,3
DA:4,3
DA:6,3
DA:7,3
DA:9,3
LF:6
LH:6
BRF:0
BRH:0
end_of_record
TN:
SF:src/routes/savedLocations.ts
FNF:0
FNH:0
DA:1,3
DA:2,3
DA:8,3
DA:10,3
DA:11,3
DA:12,3
DA:14,3
LF:7
LH:7
BRF:0
BRH:0
end_of_record
TN:
SF:src/services/forecastService.ts
FN:36,getForecast
FN:56,(anonymous_10)
FN:75,(anonymous_11)
FN:110,(anonymous_12)
FNF:4
FNH:1
FNDA:2,getForecast
FNDA:0,(anonymous_10)
FNDA:0,(anonymous_11)
FNDA:0,(anonymous_12)
DA:1,4
DA:2,4
DA:5,4
DA:7,4
DA:36,4
DA:40,2
DA:41,2
DA:42,2
DA:44,2
DA:55,1
DA:56,0
DA:74,0
DA:75,0
DA:76,0
DA:80,0
DA:81,0
DA:87,0
DA:88,0
DA:94,0
DA:95,0
DA:103,0
DA:110,0
DA:118,0
DA:119,0
LF:24
LH:10
BRDA:42,0,0,0
BRDA:42,0,1,2
BRDA:65,1,0,0
BRDA:65,1,1,0
BRDA:65,2,0,0
BRDA:65,2,1,0
BRDA:65,3,0,0
BRDA:65,3,1,0
BRDA:65,4,0,0
BRDA:65,4,1,0
BRDA:66,5,0,0
BRDA:66,5,1,0
BRDA:66,6,0,0
BRDA:66,6,1,0
BRDA:66,7,0,0
BRDA:66,7,1,0
BRDA:66,8,0,0
BRDA:66,8,1,0
BRDA:80,9,0,0
BRDA:80,9,1,0
BRDA:87,10,0,0
BRDA:87,10,1,0
BRDA:94,11,0,0
BRDA:94,11,1,0
BRDA:107,12,0,0
BRDA:107,12,1,0
BRDA:107,13,0,0
BRDA:107,13,1,0
BRF:28
BRH:1
end_of_record
TN:
SF:src/services/geocodeService.ts
FN:24,geocode
FN:38,(anonymous_10)
FNF:2
FNH:0
FNDA:0,geocode
FNDA:0,(anonymous_10)
DA:1,3
DA:2,3
DA:21,3
DA:22,3
DA:24,3
DA:25,0
DA:26,0
DA:27,0
DA:29,0
DA:30,0
DA:38,0
DA:45,0
DA:46,0
LF:13
LH:5
BRDA:27,0,0,0
BRDA:27,0,1,0
BRF:2
BRH:0
end_of_record
TN:
SF:src/utils/cache.ts
FNF:0
FNH:0
DA:1,5
DA:3,5
LF:2
LH:2
BRF:0
BRH:0
end_of_record
