TN:
SF:src/controllers/authController.ts
FN:9,register
FN:39,login
FNF:2
FNH:2
FNDA:2,register
FNDA:2,login
DA:2,1
DA:3,1
DA:5,1
DA:6,1
DA:9,1
DA:14,2
DA:15,2
DA:16,2
DA:17,2
DA:18,1
DA:19,1
DA:22,1
DA:23,1
DA:25,1
DA:29,1
DA:34,0
DA:39,1
DA:44,2
DA:45,2
DA:46,2
DA:47,2
DA:48,1
DA:49,1
DA:51,1
DA:54,1
DA:59,0
DA:60,0
LF:27
LH:24
BRDA:17,0,0,1
BRDA:17,0,1,1
BRDA:47,1,0,1
BRDA:47,1,1,1
BRDA:47,2,0,2
BRDA:47,2,1,2
BRDA:62,3,0,0
BRDA:62,3,1,0
BRF:8
BRH:6
end_of_record
TN:
SF:src/models/User.ts
FN:27,(anonymous_17)
FN:35,(anonymous_19)
FNF:2
FNH:2
FNDA:4,(anonymous_17)
FNDA:2,(anonymous_19)
DA:1,1
DA:2,1
DA:11,1
DA:27,1
DA:28,4
DA:29,4
DA:30,4
DA:31,4
DA:35,1
DA:36,2
DA:39,1
LF:11
LH:11
BRDA:28,0,0,0
BRDA:28,0,1,4
BRF:2
BRH:1
end_of_record
TN:
SF:src/routes/auth.ts
FNF:0
FNH:0
DA:1,1
DA:2,1
DA:4,1
DA:6,1
DA:7,1
DA:9,1
LF:6
LH:6
BRF:0
BRH:0
end_of_record
